# JRE version: OpenJDK Runtime Environment Temurin-17.0.1+12 (17.0.1+12) (build 17.0.1+12)
# Java VM: OpenJDK 64-Bit Server VM Temurin-17.0.1+12 (17.0.1+12, mixed mode, tiered, compressed oops, compressed class ptrs, g1 gc, windows-amd64)
GC Precious Log:
 CPUs: 4 total, 4 available
 Memory: 8191M
 Large Page Support: Disabled
 NUMA Support: Disabled
 Compressed Oops: Enabled (32-bit)
 Heap Region Size: 1M
 Heap Min Capacity: 8M
 Heap Initial Capacity: 128M
 Heap Max Capacity: 2G
 Pre-touch: Disabled
 Parallel Workers: 4
 Concurrent Workers: 1
 Concurrent Refinement Workers: 4
 Periodic GC: Disabled
Heap:
 garbage-first heap   total 75776K, used 19470K [0x0000000080000000, 0x0000000100000000)
  region size 1024K, 2 young (2048K), 2 survivors (2048K)
 Metaspace       used 40180K, committed 40576K, reserved 1089536K
  class space    used 4725K, committed 4928K, reserved 1048576K
GC Heap History (20 events):
Event: 1.990 GC heap after
{Heap after GC invocations=8 (full 0):
 garbage-first heap   total 52224K, used 12203K [0x0000000080000000, 0x0000000100000000)
  region size 1024K, 1 young (1024K), 1 survivors (1024K)
 Metaspace       used 26185K, committed 26496K, reserved 1073152K
  class space    used 2967K, committed 3072K, reserved 1048576K
}
Event: 2.018 GC heap before
{Heap before GC invocations=8 (full 0):
 garbage-first heap   total 52224K, used 36779K [0x0000000080000000, 0x0000000100000000)
  region size 1024K, 26 young (26624K), 1 survivors (1024K)
 Metaspace       used 26367K, committed 26624K, reserved 1073152K
  class space    used 2988K, committed 3072K, reserved 1048576K
}
Event: 2.019 GC heap after
{Heap after GC invocations=9 (full 0):
 garbage-first heap   total 52224K, used 12138K [0x0000000080000000, 0x0000000100000000)
  region size 1024K, 1 young (1024K), 1 survivors (1024K)
 Metaspace       used 26367K, committed 26624K, reserved 1073152K
  class space    used 2988K, committed 3072K, reserved 1048576K
}
Event: 2.024 GC heap before
{Heap before GC invocations=9 (full 0):
 garbage-first heap   total 52224K, used 37738K [0x0000000080000000, 0x0000000100000000)
  region size 1024K, 27 young (27648K), 1 survivors (1024K)
 Metaspace       used 26367K, committed 26624K, reserved 1073152K
  class space    used 2988K, committed 3072K, reserved 1048576K
}
Event: 2.025 GC heap after
{Heap after GC invocations=10 (full 0):
 garbage-first heap   total 52224K, used 12137K [0x0000000080000000, 0x0000000100000000)
  region size 1024K, 1 young (1024K), 1 survivors (1024K)
 Metaspace       used 26367K, committed 26624K, reserved 1073152K
  class space    used 2988K, committed 3072K, reserved 1048576K
}
Event: 2.031 GC heap before
{Heap before GC invocations=10 (full 0):
 garbage-first heap   total 52224K, used 38761K [0x0000000080000000, 0x0000000100000000)
  region size 1024K, 28 young (28672K), 1 survivors (1024K)
 Metaspace       used 26367K, committed 26624K, reserved 1073152K
  class space    used 2988K, committed 3072K, reserved 1048576K
}
Event: 2.032 GC heap after
{Heap after GC invocations=11 (full 0):
 garbage-first heap   total 52224K, used 12160K [0x0000000080000000, 0x0000000100000000)
  region size 1024K, 1 young (1024K), 1 survivors (1024K)
 Metaspace       used 26367K, committed 26624K, reserved 1073152K
  class space    used 2988K, committed 3072K, reserved 1048576K
}
Event: 2.038 GC heap before
{Heap before GC invocations=11 (full 0):
 garbage-first heap   total 52224K, used 39808K [0x0000000080000000, 0x0000000100000000)
  region size 1024K, 29 young (29696K), 1 survivors (1024K)
 Metaspace       used 26367K, committed 26624K, reserved 1073152K
  class space    used 2988K, committed 3072K, reserved 1048576K
}
Event: 2.039 GC heap after
{Heap after GC invocations=12 (full 0):
 garbage-first heap   total 104448K, used 12178K [0x0000000080000000, 0x0000000100000000)
  region size 1024K, 1 young (1024K), 1 survivors (1024K)
 Metaspace       used 26367K, committed 26624K, reserved 1073152K
  class space    used 2988K, committed 3072K, reserved 1048576K
}
Event: 2.947 GC heap before
{Heap before GC invocations=12 (full 0):
 garbage-first heap   total 104448K, used 72594K [0x0000000080000000, 0x0000000100000000)
  region size 1024K, 61 young (62464K), 1 survivors (1024K)
 Metaspace       used 30885K, committed 31168K, reserved 1081344K
  class space    used 3503K, committed 3648K, reserved 1048576K
}
Event: 2.950 GC heap after
{Heap after GC invocations=13 (full 0):
 garbage-first heap   total 104448K, used 15246K [0x0000000080000000, 0x0000000100000000)
  region size 1024K, 4 young (4096K), 4 survivors (4096K)
 Metaspace       used 30885K, committed 31168K, reserved 1081344K
  class space    used 3503K, committed 3648K, reserved 1048576K
}
Event: 3.609 GC heap before
{Heap before GC invocations=13 (full 0):
 garbage-first heap   total 104448K, used 44942K [0x0000000080000000, 0x0000000100000000)
  region size 1024K, 34 young (34816K), 4 survivors (4096K)
 Metaspace       used 35617K, committed 35968K, reserved 1081344K
  class space    used 4216K, committed 4416K, reserved 1048576K
}
Event: 3.615 GC heap after
{Heap after GC invocations=14 (full 0):
 garbage-first heap   total 104448K, used 18232K [0x0000000080000000, 0x0000000100000000)
  region size 1024K, 7 young (7168K), 7 survivors (7168K)
 Metaspace       used 35617K, committed 35968K, reserved 1081344K
  class space    used 4216K, committed 4416K, reserved 1048576K
}
Event: 3.863 GC heap before
{Heap before GC invocations=15 (full 0):
 garbage-first heap   total 68608K, used 59192K [0x0000000080000000, 0x0000000100000000)
  region size 1024K, 49 young (50176K), 7 survivors (7168K)
 Metaspace       used 37079K, committed 37376K, reserved 1089536K
  class space    used 4366K, committed 4480K, reserved 1048576K
}
Event: 3.870 GC heap after
{Heap after GC invocations=16 (full 0):
 garbage-first heap   total 70656K, used 18684K [0x0000000080000000, 0x0000000100000000)
  region size 1024K, 4 young (4096K), 4 survivors (4096K)
 Metaspace       used 37079K, committed 37376K, reserved 1089536K
  class space    used 4366K, committed 4480K, reserved 1048576K
}
Event: 3.878 GC heap before
{Heap before GC invocations=16 (full 0):
 garbage-first heap   total 70656K, used 54524K [0x0000000080000000, 0x0000000100000000)
  region size 1024K, 40 young (40960K), 4 survivors (4096K)
 Metaspace       used 37079K, committed 37376K, reserved 1089536K
  class space    used 4366K, committed 4480K, reserved 1048576K
}
Event: 3.882 GC heap after
{Heap after GC invocations=17 (full 0):
 garbage-first heap   total 70656K, used 18986K [0x0000000080000000, 0x0000000100000000)
  region size 1024K, 1 young (1024K), 1 survivors (1024K)
 Metaspace       used 37079K, committed 37376K, reserved 1089536K
  class space    used 4366K, committed 4480K, reserved 1048576K
}
Event: 3.892 GC heap before
{Heap before GC invocations=17 (full 0):
 garbage-first heap   total 70656K, used 55850K [0x0000000080000000, 0x0000000100000000)
  region size 1024K, 38 young (38912K), 1 survivors (1024K)
 Metaspace       used 37079K, committed 37376K, reserved 1089536K
  class space    used 4366K, committed 4480K, reserved 1048576K
}
Event: 3.893 GC heap after
{Heap after GC invocations=18 (full 0):
 garbage-first heap   total 70656K, used 18635K [0x0000000080000000, 0x0000000100000000)
  region size 1024K, 1 young (1024K), 1 survivors (1024K)
 Metaspace       used 37079K, committed 37376K, reserved 1089536K
  class space    used 4366K, committed 4480K, reserved 1048576K
}
Event: 4.202 GC heap before
{Heap before GC invocations=18 (full 0):
 garbage-first heap   total 70656K, used 56523K [0x0000000080000000, 0x0000000100000000)
  region size 1024K, 39 young (39936K), 1 survivors (1024K)
 Metaspace       used 40180K, committed 40576K, reserved 1089536K
  class space    used 4725K, committed 4928K, reserved 1048576K
}

