# JRE version: OpenJDK Runtime Environment Temurin-17.0.1+12 (17.0.1+12) (build 17.0.1+12)
# Java VM: OpenJDK 64-Bit Server VM Temurin-17.0.1+12 (17.0.1+12, mixed mode, tiered, compressed oops, compressed class ptrs, g1 gc, windows-amd64)
GC Precious Log:
 CPUs: 4 total, 4 available
 Memory: 8191M
 Large Page Support: Disabled
 NUMA Support: Disabled
 Compressed Oops: Enabled (32-bit)
 Heap Region Size: 1M
 Heap Min Capacity: 8M
 Heap Initial Capacity: 128M
 Heap Max Capacity: 2G
 Pre-touch: Disabled
 Parallel Workers: 4
 Concurrent Workers: 1
 Concurrent Refinement Workers: 4
 Periodic GC: Disabled
Heap:
 garbage-first heap   total 159744K, used 61739K [0x0000000080000000, 0x0000000100000000)
  region size 1024K, 34 young (34816K), 2 survivors (2048K)
 Metaspace       used 79668K, committed 80320K, reserved 1122304K
  class space    used 10276K, committed 10560K, reserved 1048576K
GC Heap History (20 events):
Event: 4.219 GC heap before
{Heap before GC invocations=18 (full 0):
 garbage-first heap   total 68608K, used 55580K [0x0000000080000000, 0x0000000100000000)
  region size 1024K, 38 young (38912K), 1 survivors (1024K)
 Metaspace       used 38572K, committed 38976K, reserved 1089536K
  class space    used 4558K, committed 4736K, reserved 1048576K
}
Event: 4.222 GC heap after
{Heap after GC invocations=19 (full 0):
 garbage-first heap   total 167936K, used 19203K [0x0000000080000000, 0x0000000100000000)
  region size 1024K, 2 young (2048K), 2 survivors (2048K)
 Metaspace       used 38572K, committed 38976K, reserved 1089536K
  class space    used 4558K, committed 4736K, reserved 1048576K
}
Event: 5.833 GC heap before
{Heap before GC invocations=19 (full 0):
 garbage-first heap   total 167936K, used 100099K [0x0000000080000000, 0x0000000100000000)
  region size 1024K, 81 young (82944K), 2 survivors (2048K)
 Metaspace       used 59980K, committed 60416K, reserved 1105920K
  class space    used 7558K, committed 7808K, reserved 1048576K
}
Event: 5.841 GC heap after
{Heap after GC invocations=20 (full 0):
 garbage-first heap   total 167936K, used 25405K [0x0000000080000000, 0x0000000100000000)
  region size 1024K, 6 young (6144K), 6 survivors (6144K)
 Metaspace       used 59980K, committed 60416K, reserved 1105920K
  class space    used 7558K, committed 7808K, reserved 1048576K
}
Event: 6.800 GC heap before
{Heap before GC invocations=21 (full 0):
 garbage-first heap   total 96256K, used 76605K [0x0000000080000000, 0x0000000100000000)
  region size 1024K, 56 young (57344K), 6 survivors (6144K)
 Metaspace       used 69245K, committed 69760K, reserved 1114112K
  class space    used 8983K, committed 9216K, reserved 1048576K
}
Event: 6.810 GC heap after
{Heap after GC invocations=22 (full 0):
 garbage-first heap   total 96256K, used 28374K [0x0000000080000000, 0x0000000100000000)
  region size 1024K, 4 young (4096K), 4 survivors (4096K)
 Metaspace       used 69245K, committed 69760K, reserved 1114112K
  class space    used 8983K, committed 9216K, reserved 1048576K
}
Event: 42.457 GC heap before
{Heap before GC invocations=22 (full 0):
 garbage-first heap   total 96256K, used 76502K [0x0000000080000000, 0x0000000100000000)
  region size 1024K, 52 young (53248K), 4 survivors (4096K)
 Metaspace       used 78008K, committed 78592K, reserved 1122304K
  class space    used 10150K, committed 10432K, reserved 1048576K
}
Event: 42.464 GC heap after
{Heap after GC invocations=23 (full 0):
 garbage-first heap   total 96256K, used 31921K [0x0000000080000000, 0x0000000100000000)
  region size 1024K, 7 young (7168K), 7 survivors (7168K)
 Metaspace       used 78008K, committed 78592K, reserved 1122304K
  class space    used 10150K, committed 10432K, reserved 1048576K
}
Event: 1521.121 GC heap before
{Heap before GC invocations=23 (full 0):
 garbage-first heap   total 96256K, used 76977K [0x0000000080000000, 0x0000000100000000)
  region size 1024K, 51 young (52224K), 7 survivors (7168K)
 Metaspace       used 78386K, committed 78976K, reserved 1122304K
  class space    used 10169K, committed 10432K, reserved 1048576K
}
Event: 1521.131 GC heap after
{Heap after GC invocations=24 (full 0):
 garbage-first heap   total 96256K, used 32622K [0x0000000080000000, 0x0000000100000000)
  region size 1024K, 1 young (1024K), 1 survivors (1024K)
 Metaspace       used 78386K, committed 78976K, reserved 1122304K
  class space    used 10169K, committed 10432K, reserved 1048576K
}
Event: 1541.910 GC heap before
{Heap before GC invocations=24 (full 0):
 garbage-first heap   total 96256K, used 37742K [0x0000000080000000, 0x0000000100000000)
  region size 1024K, 7 young (7168K), 1 survivors (1024K)
 Metaspace       used 78936K, committed 79488K, reserved 1122304K
  class space    used 10247K, committed 10496K, reserved 1048576K
}
Event: 1541.960 GC heap after
{Heap after GC invocations=25 (full 1):
 garbage-first heap   total 92160K, used 25637K [0x0000000080000000, 0x0000000100000000)
  region size 1024K, 0 young (0K), 0 survivors (0K)
 Metaspace       used 78936K, committed 79488K, reserved 1122304K
  class space    used 10247K, committed 10496K, reserved 1048576K
}
Event: 1542.434 GC heap before
{Heap before GC invocations=25 (full 1):
 garbage-first heap   total 92160K, used 72741K [0x0000000080000000, 0x0000000100000000)
  region size 1024K, 47 young (48128K), 0 survivors (0K)
 Metaspace       used 79046K, committed 79680K, reserved 1122304K
  class space    used 10254K, committed 10560K, reserved 1048576K
}
Event: 1542.437 GC heap after
{Heap after GC invocations=26 (full 1):
 garbage-first heap   total 92160K, used 28934K [0x0000000080000000, 0x0000000100000000)
  region size 1024K, 4 young (4096K), 4 survivors (4096K)
 Metaspace       used 79046K, committed 79680K, reserved 1122304K
  class space    used 10254K, committed 10560K, reserved 1048576K
}
Event: 1542.447 GC heap before
{Heap before GC invocations=26 (full 1):
 garbage-first heap   total 92160K, used 71942K [0x0000000080000000, 0x0000000100000000)
  region size 1024K, 47 young (48128K), 4 survivors (4096K)
 Metaspace       used 79046K, committed 79680K, reserved 1122304K
  class space    used 10254K, committed 10560K, reserved 1048576K
}
Event: 1542.450 GC heap after
{Heap after GC invocations=27 (full 1):
 garbage-first heap   total 92160K, used 28919K [0x0000000080000000, 0x0000000100000000)
  region size 1024K, 1 young (1024K), 1 survivors (1024K)
 Metaspace       used 79046K, committed 79680K, reserved 1122304K
  class space    used 10254K, committed 10560K, reserved 1048576K
}
Event: 1542.459 GC heap before
{Heap before GC invocations=27 (full 1):
 garbage-first heap   total 92160K, used 71927K [0x0000000080000000, 0x0000000100000000)
  region size 1024K, 44 young (45056K), 1 survivors (1024K)
 Metaspace       used 79046K, committed 79680K, reserved 1122304K
  class space    used 10254K, committed 10560K, reserved 1048576K
}
Event: 1542.460 GC heap after
{Heap after GC invocations=28 (full 1):
 garbage-first heap   total 92160K, used 28948K [0x0000000080000000, 0x0000000100000000)
  region size 1024K, 1 young (1024K), 1 survivors (1024K)
 Metaspace       used 79046K, committed 79680K, reserved 1122304K
  class space    used 10254K, committed 10560K, reserved 1048576K
}
Event: 1542.587 GC heap before
{Heap before GC invocations=28 (full 1):
 garbage-first heap   total 92160K, used 72980K [0x0000000080000000, 0x0000000100000000)
  region size 1024K, 45 young (46080K), 1 survivors (1024K)
 Metaspace       used 79189K, committed 79808K, reserved 1122304K
  class space    used 10259K, committed 10560K, reserved 1048576K
}
Event: 1542.589 GC heap after
{Heap after GC invocations=29 (full 1):
 garbage-first heap   total 159744K, used 29995K [0x0000000080000000, 0x0000000100000000)
  region size 1024K, 2 young (2048K), 2 survivors (2048K)
 Metaspace       used 79189K, committed 79808K, reserved 1122304K
  class space    used 10259K, committed 10560K, reserved 1048576K
}

