# JRE version: OpenJDK Runtime Environment Temurin-17.0.1+12 (17.0.1+12) (build 17.0.1+12)
# Java VM: OpenJDK 64-Bit Server VM Temurin-17.0.1+12 (17.0.1+12, mixed mode, emulated-client, tiered, compressed oops, compressed class ptrs, g1 gc, windows-amd64)
GC Precious Log:
 CPUs: 4 total, 4 available
 Memory: 8191M
 Large Page Support: Disabled
 NUMA Support: Disabled
 Compressed Oops: Enabled (32-bit)
 Heap Region Size: 1M
 Heap Min Capacity: 8M
 Heap Initial Capacity: 128M
 Heap Max Capacity: 2G
 Pre-touch: Disabled
 Parallel Workers: 4
 Concurrent Workers: 1
 Concurrent Refinement Workers: 4
 Periodic GC: Disabled
Heap:
 garbage-first heap   total 96256K, used 33623K [0x0000000080000000, 0x0000000100000000)
  region size 1024K, 3 young (3072K), 3 survivors (3072K)
 Metaspace       used 77615K, committed 78336K, reserved 1122304K
  class space    used 10561K, committed 10880K, reserved 1048576K
GC Heap History (20 events):
Event: 1136.361 GC heap after
{Heap after GC invocations=39 (full 2):
 garbage-first heap   total 92160K, used 29368K [0x0000000080000000, 0x0000000100000000)
  region size 1024K, 1 young (1024K), 1 survivors (1024K)
 Metaspace       used 76929K, committed 77632K, reserved 1122304K
  class space    used 10484K, committed 10816K, reserved 1048576K
}
Event: 1136.435 GC heap before
{Heap before GC invocations=39 (full 2):
 garbage-first heap   total 92160K, used 73400K [0x0000000080000000, 0x0000000100000000)
  region size 1024K, 45 young (46080K), 1 survivors (1024K)
 Metaspace       used 76930K, committed 77632K, reserved 1122304K
  class space    used 10485K, committed 10816K, reserved 1048576K
}
Event: 1136.436 GC heap after
{Heap after GC invocations=40 (full 2):
 garbage-first heap   total 92160K, used 29599K [0x0000000080000000, 0x0000000100000000)
  region size 1024K, 1 young (1024K), 1 survivors (1024K)
 Metaspace       used 76930K, committed 77632K, reserved 1122304K
  class space    used 10485K, committed 10816K, reserved 1048576K
}
Event: 1136.859 GC heap before
{Heap before GC invocations=40 (full 2):
 garbage-first heap   total 92160K, used 74655K [0x0000000080000000, 0x0000000100000000)
  region size 1024K, 45 young (46080K), 1 survivors (1024K)
 Metaspace       used 77204K, committed 77888K, reserved 1122304K
  class space    used 10511K, committed 10816K, reserved 1048576K
}
Event: 1136.862 GC heap after
{Heap after GC invocations=41 (full 2):
 garbage-first heap   total 177152K, used 32149K [0x0000000080000000, 0x0000000100000000)
  region size 1024K, 3 young (3072K), 3 survivors (3072K)
 Metaspace       used 77204K, committed 77888K, reserved 1122304K
  class space    used 10511K, committed 10816K, reserved 1048576K
}
Event: 1140.552 GC heap before
{Heap before GC invocations=41 (full 2):
 garbage-first heap   total 177152K, used 39317K [0x0000000080000000, 0x0000000100000000)
  region size 1024K, 9 young (9216K), 3 survivors (3072K)
 Metaspace       used 77207K, committed 77888K, reserved 1122304K
  class space    used 10511K, committed 10816K, reserved 1048576K
}
Event: 1140.589 GC heap after
{Heap after GC invocations=42 (full 3):
 garbage-first heap   total 96256K, used 26401K [0x0000000080000000, 0x0000000100000000)
  region size 1024K, 0 young (0K), 0 survivors (0K)
 Metaspace       used 77204K, committed 77888K, reserved 1122304K
  class space    used 10511K, committed 10816K, reserved 1048576K
}
Event: 1141.089 GC heap before
{Heap before GC invocations=42 (full 3):
 garbage-first heap   total 96256K, used 75553K [0x0000000080000000, 0x0000000100000000)
  region size 1024K, 49 young (50176K), 0 survivors (0K)
 Metaspace       used 77264K, committed 77952K, reserved 1122304K
  class space    used 10520K, committed 10816K, reserved 1048576K
}
Event: 1141.093 GC heap after
{Heap after GC invocations=43 (full 3):
 garbage-first heap   total 96256K, used 29780K [0x0000000080000000, 0x0000000100000000)
  region size 1024K, 4 young (4096K), 4 survivors (4096K)
 Metaspace       used 77264K, committed 77952K, reserved 1122304K
  class space    used 10520K, committed 10816K, reserved 1048576K
}
Event: 1141.103 GC heap before
{Heap before GC invocations=43 (full 3):
 garbage-first heap   total 96256K, used 74836K [0x0000000080000000, 0x0000000100000000)
  region size 1024K, 49 young (50176K), 4 survivors (4096K)
 Metaspace       used 77264K, committed 77952K, reserved 1122304K
  class space    used 10520K, committed 10816K, reserved 1048576K
}
Event: 1141.106 GC heap after
{Heap after GC invocations=44 (full 3):
 garbage-first heap   total 96256K, used 29895K [0x0000000080000000, 0x0000000100000000)
  region size 1024K, 4 young (4096K), 4 survivors (4096K)
 Metaspace       used 77264K, committed 77952K, reserved 1122304K
  class space    used 10520K, committed 10816K, reserved 1048576K
}
Event: 1141.117 GC heap before
{Heap before GC invocations=44 (full 3):
 garbage-first heap   total 96256K, used 75975K [0x0000000080000000, 0x0000000100000000)
  region size 1024K, 50 young (51200K), 4 survivors (4096K)
 Metaspace       used 77264K, committed 77952K, reserved 1122304K
  class space    used 10520K, committed 10816K, reserved 1048576K
}
Event: 1141.120 GC heap after
{Heap after GC invocations=45 (full 3):
 garbage-first heap   total 96256K, used 29949K [0x0000000080000000, 0x0000000100000000)
  region size 1024K, 4 young (4096K), 4 survivors (4096K)
 Metaspace       used 77264K, committed 77952K, reserved 1122304K
  class space    used 10520K, committed 10816K, reserved 1048576K
}
Event: 1141.312 GC heap before
{Heap before GC invocations=45 (full 3):
 garbage-first heap   total 96256K, used 77053K [0x0000000080000000, 0x0000000100000000)
  region size 1024K, 51 young (52224K), 4 survivors (4096K)
 Metaspace       used 77306K, committed 77952K, reserved 1122304K
  class space    used 10528K, committed 10816K, reserved 1048576K
}
Event: 1141.316 GC heap after
{Heap after GC invocations=46 (full 3):
 garbage-first heap   total 96256K, used 31318K [0x0000000080000000, 0x0000000100000000)
  region size 1024K, 5 young (5120K), 5 survivors (5120K)
 Metaspace       used 77306K, committed 77952K, reserved 1122304K
  class space    used 10528K, committed 10816K, reserved 1048576K
}
Event: 1353.530 GC heap before
{Heap before GC invocations=46 (full 3):
 garbage-first heap   total 96256K, used 79446K [0x0000000080000000, 0x0000000100000000)
  region size 1024K, 51 young (52224K), 5 survivors (5120K)
 Metaspace       used 77615K, committed 78336K, reserved 1122304K
  class space    used 10561K, committed 10880K, reserved 1048576K
}
Event: 1353.537 GC heap after
{Heap after GC invocations=47 (full 3):
 garbage-first heap   total 96256K, used 34235K [0x0000000080000000, 0x0000000100000000)
  region size 1024K, 4 young (4096K), 4 survivors (4096K)
 Metaspace       used 77615K, committed 78336K, reserved 1122304K
  class space    used 10561K, committed 10880K, reserved 1048576K
}
Event: 1353.551 GC heap before
{Heap before GC invocations=47 (full 3):
 garbage-first heap   total 96256K, used 76219K [0x0000000080000000, 0x0000000100000000)
  region size 1024K, 46 young (47104K), 4 survivors (4096K)
 Metaspace       used 77615K, committed 78336K, reserved 1122304K
  class space    used 10561K, committed 10880K, reserved 1048576K
}
Event: 1353.554 GC heap after
{Heap after GC invocations=48 (full 3):
 garbage-first heap   total 96256K, used 33543K [0x0000000080000000, 0x0000000100000000)
  region size 1024K, 3 young (3072K), 3 survivors (3072K)
 Metaspace       used 77615K, committed 78336K, reserved 1122304K
  class space    used 10561K, committed 10880K, reserved 1048576K
}
Event: 1353.567 GC heap before
{Heap before GC invocations=48 (full 3):
 garbage-first heap   total 96256K, used 77575K [0x0000000080000000, 0x0000000100000000)
  region size 1024K, 47 young (48128K), 3 survivors (3072K)
 Metaspace       used 77615K, committed 78336K, reserved 1122304K
  class space    used 10561K, committed 10880K, reserved 1048576K
}

