# JRE version: OpenJDK Runtime Environment Temurin-17.0.1+12 (17.0.1+12) (build 17.0.1+12)
# Java VM: OpenJDK 64-Bit Server VM Temurin-17.0.1+12 (17.0.1+12, mixed mode, tiered, compressed oops, compressed class ptrs, g1 gc, windows-amd64)
GC Precious Log:
 CPUs: 4 total, 4 available
 Memory: 8191M
 Large Page Support: Disabled
 NUMA Support: Disabled
 Compressed Oops: Enabled (32-bit)
 Heap Region Size: 1M
 Heap Min Capacity: 8M
 Heap Initial Capacity: 128M
 Heap Max Capacity: 2G
 Pre-touch: Disabled
 Parallel Workers: 4
 Concurrent Workers: 1
 Concurrent Refinement Workers: 4
 Periodic GC: Disabled
Heap:
 garbage-first heap   total 96256K, used 31280K [0x0000000080000000, 0x0000000100000000)
  region size 1024K, 4 young (4096K), 4 survivors (4096K)
 Metaspace       used 83339K, committed 84096K, reserved 1122304K
  class space    used 10438K, committed 10752K, reserved 1048576K
GC Heap History (20 events):
Event: 1320.443 GC heap after
{Heap after GC invocations=55 (full 7):
 garbage-first heap   total 96256K, used 30429K [0x0000000080000000, 0x0000000100000000)
  region size 1024K, 4 young (4096K), 4 survivors (4096K)
 Metaspace       used 82388K, committed 83136K, reserved 1122304K
  class space    used 10394K, committed 10688K, reserved 1048576K
}
Event: 1320.451 GC heap before
{Heap before GC invocations=55 (full 7):
 garbage-first heap   total 96256K, used 77533K [0x0000000080000000, 0x0000000100000000)
  region size 1024K, 51 young (52224K), 4 survivors (4096K)
 Metaspace       used 82388K, committed 83136K, reserved 1122304K
  class space    used 10394K, committed 10688K, reserved 1048576K
}
Event: 1320.454 GC heap after
{Heap after GC invocations=56 (full 7):
 garbage-first heap   total 221184K, used 30412K [0x0000000080000000, 0x0000000100000000)
  region size 1024K, 4 young (4096K), 4 survivors (4096K)
 Metaspace       used 82388K, committed 83136K, reserved 1122304K
  class space    used 10394K, committed 10688K, reserved 1048576K
}
Event: 1329.575 GC heap before
{Heap before GC invocations=56 (full 7):
 garbage-first heap   total 221184K, used 103116K [0x0000000080000000, 0x0000000100000000)
  region size 1024K, 75 young (76800K), 4 survivors (4096K)
 Metaspace       used 82745K, committed 83520K, reserved 1122304K
  class space    used 10410K, committed 10752K, reserved 1048576K
}
Event: 1329.616 GC heap after
{Heap after GC invocations=57 (full 8):
 garbage-first heap   total 96256K, used 27049K [0x0000000080000000, 0x0000000100000000)
  region size 1024K, 0 young (0K), 0 survivors (0K)
 Metaspace       used 82742K, committed 83520K, reserved 1122304K
  class space    used 10410K, committed 10752K, reserved 1048576K
}
Event: 1329.956 GC heap before
{Heap before GC invocations=57 (full 8):
 garbage-first heap   total 96256K, used 78249K [0x0000000080000000, 0x0000000100000000)
  region size 1024K, 51 young (52224K), 0 survivors (0K)
 Metaspace       used 82810K, committed 83520K, reserved 1122304K
  class space    used 10414K, committed 10752K, reserved 1048576K
}
Event: 1329.961 GC heap after
{Heap after GC invocations=58 (full 8):
 garbage-first heap   total 96256K, used 30445K [0x0000000080000000, 0x0000000100000000)
  region size 1024K, 4 young (4096K), 4 survivors (4096K)
 Metaspace       used 82810K, committed 83520K, reserved 1122304K
  class space    used 10414K, committed 10752K, reserved 1048576K
}
Event: 1329.970 GC heap before
{Heap before GC invocations=58 (full 8):
 garbage-first heap   total 96256K, used 77549K [0x0000000080000000, 0x0000000100000000)
  region size 1024K, 51 young (52224K), 4 survivors (4096K)
 Metaspace       used 82810K, committed 83520K, reserved 1122304K
  class space    used 10414K, committed 10752K, reserved 1048576K
}
Event: 1329.973 GC heap after
{Heap after GC invocations=59 (full 8):
 garbage-first heap   total 96256K, used 30438K [0x0000000080000000, 0x0000000100000000)
  region size 1024K, 4 young (4096K), 4 survivors (4096K)
 Metaspace       used 82810K, committed 83520K, reserved 1122304K
  class space    used 10414K, committed 10752K, reserved 1048576K
}
Event: 1329.981 GC heap before
{Heap before GC invocations=59 (full 8):
 garbage-first heap   total 96256K, used 78566K [0x0000000080000000, 0x0000000100000000)
  region size 1024K, 52 young (53248K), 4 survivors (4096K)
 Metaspace       used 82810K, committed 83520K, reserved 1122304K
  class space    used 10414K, committed 10752K, reserved 1048576K
}
Event: 1329.984 GC heap after
{Heap after GC invocations=60 (full 8):
 garbage-first heap   total 96256K, used 30599K [0x0000000080000000, 0x0000000100000000)
  region size 1024K, 4 young (4096K), 4 survivors (4096K)
 Metaspace       used 82810K, committed 83520K, reserved 1122304K
  class space    used 10414K, committed 10752K, reserved 1048576K
}
Event: 1330.211 GC heap before
{Heap before GC invocations=60 (full 8):
 garbage-first heap   total 96256K, used 78727K [0x0000000080000000, 0x0000000100000000)
  region size 1024K, 52 young (53248K), 4 survivors (4096K)
 Metaspace       used 83043K, committed 83840K, reserved 1122304K
  class space    used 10425K, committed 10752K, reserved 1048576K
}
Event: 1330.214 GC heap after
{Heap after GC invocations=61 (full 8):
 garbage-first heap   total 96256K, used 32330K [0x0000000080000000, 0x0000000100000000)
  region size 1024K, 6 young (6144K), 6 survivors (6144K)
 Metaspace       used 83043K, committed 83840K, reserved 1122304K
  class space    used 10425K, committed 10752K, reserved 1048576K
}
Event: 1503.236 GC heap before
{Heap before GC invocations=61 (full 8):
 garbage-first heap   total 96256K, used 66122K [0x0000000080000000, 0x0000000100000000)
  region size 1024K, 38 young (38912K), 6 survivors (6144K)
 Metaspace       used 83300K, committed 84096K, reserved 1122304K
  class space    used 10434K, committed 10752K, reserved 1048576K
}
Event: 1503.282 GC heap after
{Heap after GC invocations=62 (full 9):
 garbage-first heap   total 96256K, used 27722K [0x0000000080000000, 0x0000000100000000)
  region size 1024K, 0 young (0K), 0 survivors (0K)
 Metaspace       used 83297K, committed 84096K, reserved 1122304K
  class space    used 10434K, committed 10752K, reserved 1048576K
}
Event: 1503.577 GC heap before
{Heap before GC invocations=62 (full 9):
 garbage-first heap   total 96256K, used 78922K [0x0000000080000000, 0x0000000100000000)
  region size 1024K, 51 young (52224K), 0 survivors (0K)
 Metaspace       used 83339K, committed 84096K, reserved 1122304K
  class space    used 10438K, committed 10752K, reserved 1048576K
}
Event: 1503.580 GC heap after
{Heap after GC invocations=63 (full 9):
 garbage-first heap   total 96256K, used 31394K [0x0000000080000000, 0x0000000100000000)
  region size 1024K, 4 young (4096K), 4 survivors (4096K)
 Metaspace       used 83339K, committed 84096K, reserved 1122304K
  class space    used 10438K, committed 10752K, reserved 1048576K
}
Event: 1503.588 GC heap before
{Heap before GC invocations=63 (full 9):
 garbage-first heap   total 96256K, used 77474K [0x0000000080000000, 0x0000000100000000)
  region size 1024K, 50 young (51200K), 4 survivors (4096K)
 Metaspace       used 83339K, committed 84096K, reserved 1122304K
  class space    used 10438K, committed 10752K, reserved 1048576K
}
Event: 1503.590 GC heap after
{Heap after GC invocations=64 (full 9):
 garbage-first heap   total 96256K, used 31298K [0x0000000080000000, 0x0000000100000000)
  region size 1024K, 4 young (4096K), 4 survivors (4096K)
 Metaspace       used 83339K, committed 84096K, reserved 1122304K
  class space    used 10438K, committed 10752K, reserved 1048576K
}
Event: 1503.598 GC heap before
{Heap before GC invocations=64 (full 9):
 garbage-first heap   total 96256K, used 78402K [0x0000000080000000, 0x0000000100000000)
  region size 1024K, 51 young (52224K), 4 survivors (4096K)
 Metaspace       used 83339K, committed 84096K, reserved 1122304K
  class space    used 10438K, committed 10752K, reserved 1048576K
}

