# JRE version: OpenJDK Runtime Environment Temurin-17.0.1+12 (17.0.1+12) (build 17.0.1+12)
# Java VM: OpenJDK 64-Bit Server VM Temurin-17.0.1+12 (17.0.1+12, mixed mode, tiered, compressed oops, compressed class ptrs, g1 gc, windows-amd64)
GC Precious Log:
 CPUs: 4 total, 4 available
 Memory: 8191M
 Large Page Support: Disabled
 NUMA Support: Disabled
 Compressed Oops: Enabled (32-bit)
 Heap Region Size: 1M
 Heap Min Capacity: 8M
 Heap Initial Capacity: 128M
 Heap Max Capacity: 2G
 Pre-touch: Disabled
 Parallel Workers: 4
 Concurrent Workers: 1
 Concurrent Refinement Workers: 4
 Periodic GC: Disabled
Heap:
 garbage-first heap   total 131072K, used 17919K [0x0000000080000000, 0x0000000100000000)
  region size 1024K, 1 young (1024K), 1 survivors (1024K)
 Metaspace       used 37065K, committed 37440K, reserved 1089536K
  class space    used 4368K, committed 4544K, reserved 1048576K
GC Heap History (20 events):
Event: 1.815 GC heap after
{Heap after GC invocations=8 (full 0):
 garbage-first heap   total 50176K, used 12254K [0x0000000080000000, 0x0000000100000000)
  region size 1024K, 1 young (1024K), 1 survivors (1024K)
 Metaspace       used 26428K, committed 26688K, reserved 1073152K
  class space    used 2998K, committed 3136K, reserved 1048576K
}
Event: 1.827 GC heap before
{Heap before GC invocations=8 (full 0):
 garbage-first heap   total 50176K, used 35806K [0x0000000080000000, 0x0000000100000000)
  region size 1024K, 25 young (25600K), 1 survivors (1024K)
 Metaspace       used 26428K, committed 26688K, reserved 1073152K
  class space    used 2998K, committed 3136K, reserved 1048576K
}
Event: 1.828 GC heap after
{Heap after GC invocations=9 (full 0):
 garbage-first heap   total 50176K, used 12040K [0x0000000080000000, 0x0000000100000000)
  region size 1024K, 1 young (1024K), 1 survivors (1024K)
 Metaspace       used 26428K, committed 26688K, reserved 1073152K
  class space    used 2998K, committed 3136K, reserved 1048576K
}
Event: 1.834 GC heap before
{Heap before GC invocations=9 (full 0):
 garbage-first heap   total 50176K, used 36616K [0x0000000080000000, 0x0000000100000000)
  region size 1024K, 26 young (26624K), 1 survivors (1024K)
 Metaspace       used 26428K, committed 26688K, reserved 1073152K
  class space    used 2998K, committed 3136K, reserved 1048576K
}
Event: 1.835 GC heap after
{Heap after GC invocations=10 (full 0):
 garbage-first heap   total 50176K, used 12058K [0x0000000080000000, 0x0000000100000000)
  region size 1024K, 1 young (1024K), 1 survivors (1024K)
 Metaspace       used 26428K, committed 26688K, reserved 1073152K
  class space    used 2998K, committed 3136K, reserved 1048576K
}
Event: 1.840 GC heap before
{Heap before GC invocations=10 (full 0):
 garbage-first heap   total 50176K, used 37658K [0x0000000080000000, 0x0000000100000000)
  region size 1024K, 27 young (27648K), 1 survivors (1024K)
 Metaspace       used 26428K, committed 26688K, reserved 1073152K
  class space    used 2998K, committed 3136K, reserved 1048576K
}
Event: 1.840 GC heap after
{Heap after GC invocations=11 (full 0):
 garbage-first heap   total 50176K, used 12078K [0x0000000080000000, 0x0000000100000000)
  region size 1024K, 1 young (1024K), 1 survivors (1024K)
 Metaspace       used 26428K, committed 26688K, reserved 1073152K
  class space    used 2998K, committed 3136K, reserved 1048576K
}
Event: 1.846 GC heap before
{Heap before GC invocations=11 (full 0):
 garbage-first heap   total 50176K, used 38702K [0x0000000080000000, 0x0000000100000000)
  region size 1024K, 28 young (28672K), 1 survivors (1024K)
 Metaspace       used 26428K, committed 26688K, reserved 1073152K
  class space    used 2998K, committed 3136K, reserved 1048576K
}
Event: 1.847 GC heap after
{Heap after GC invocations=12 (full 0):
 garbage-first heap   total 100352K, used 12091K [0x0000000080000000, 0x0000000100000000)
  region size 1024K, 1 young (1024K), 1 survivors (1024K)
 Metaspace       used 26428K, committed 26688K, reserved 1073152K
  class space    used 2998K, committed 3136K, reserved 1048576K
}
Event: 2.545 GC heap before
{Heap before GC invocations=12 (full 0):
 garbage-first heap   total 100352K, used 69435K [0x0000000080000000, 0x0000000100000000)
  region size 1024K, 58 young (59392K), 1 survivors (1024K)
 Metaspace       used 30135K, committed 30400K, reserved 1081344K
  class space    used 3411K, committed 3520K, reserved 1048576K
}
Event: 2.550 GC heap after
{Heap after GC invocations=13 (full 0):
 garbage-first heap   total 100352K, used 14860K [0x0000000080000000, 0x0000000100000000)
  region size 1024K, 3 young (3072K), 3 survivors (3072K)
 Metaspace       used 30135K, committed 30400K, reserved 1081344K
  class space    used 3411K, committed 3520K, reserved 1048576K
}
Event: 3.337 GC heap before
{Heap before GC invocations=13 (full 0):
 garbage-first heap   total 100352K, used 49676K [0x0000000080000000, 0x0000000100000000)
  region size 1024K, 38 young (38912K), 3 survivors (3072K)
 Metaspace       used 35736K, committed 36096K, reserved 1081344K
  class space    used 4230K, committed 4416K, reserved 1048576K
}
Event: 3.346 GC heap after
{Heap after GC invocations=14 (full 0):
 garbage-first heap   total 100352K, used 17968K [0x0000000080000000, 0x0000000100000000)
  region size 1024K, 6 young (6144K), 6 survivors (6144K)
 Metaspace       used 35736K, committed 36096K, reserved 1081344K
  class space    used 4230K, committed 4416K, reserved 1048576K
}
Event: 3.585 GC heap before
{Heap before GC invocations=15 (full 0):
 garbage-first heap   total 65536K, used 56880K [0x0000000080000000, 0x0000000100000000)
  region size 1024K, 46 young (47104K), 6 survivors (6144K)
 Metaspace       used 37065K, committed 37440K, reserved 1089536K
  class space    used 4368K, committed 4544K, reserved 1048576K
}
Event: 3.591 GC heap after
{Heap after GC invocations=16 (full 0):
 garbage-first heap   total 67584K, used 18789K [0x0000000080000000, 0x0000000100000000)
  region size 1024K, 5 young (5120K), 5 survivors (5120K)
 Metaspace       used 37065K, committed 37440K, reserved 1089536K
  class space    used 4368K, committed 4544K, reserved 1048576K
}
Event: 3.592 GC heap before
{Heap before GC invocations=16 (full 0):
 garbage-first heap   total 67584K, used 20837K [0x0000000080000000, 0x0000000100000000)
  region size 1024K, 8 young (8192K), 5 survivors (5120K)
 Metaspace       used 37065K, committed 37440K, reserved 1089536K
  class space    used 4368K, committed 4544K, reserved 1048576K
}
Event: 3.595 GC heap after
{Heap after GC invocations=17 (full 0):
 garbage-first heap   total 67584K, used 17870K [0x0000000080000000, 0x0000000100000000)
  region size 1024K, 1 young (1024K), 1 survivors (1024K)
 Metaspace       used 37065K, committed 37440K, reserved 1089536K
  class space    used 4368K, committed 4544K, reserved 1048576K
}
Event: 3.603 GC heap before
{Heap before GC invocations=17 (full 0):
 garbage-first heap   total 67584K, used 52686K [0x0000000080000000, 0x0000000100000000)
  region size 1024K, 36 young (36864K), 1 survivors (1024K)
 Metaspace       used 37065K, committed 37440K, reserved 1089536K
  class space    used 4368K, committed 4544K, reserved 1048576K
}
Event: 3.603 GC heap after
{Heap after GC invocations=18 (full 0):
 garbage-first heap   total 67584K, used 17898K [0x0000000080000000, 0x0000000100000000)
  region size 1024K, 1 young (1024K), 1 survivors (1024K)
 Metaspace       used 37065K, committed 37440K, reserved 1089536K
  class space    used 4368K, committed 4544K, reserved 1048576K
}
Event: 3.610 GC heap before
{Heap before GC invocations=18 (full 0):
 garbage-first heap   total 67584K, used 53738K [0x0000000080000000, 0x0000000100000000)
  region size 1024K, 37 young (37888K), 1 survivors (1024K)
 Metaspace       used 37065K, committed 37440K, reserved 1089536K
  class space    used 4368K, committed 4544K, reserved 1048576K
}

