# JRE version: OpenJDK Runtime Environment Temurin-17.0.1+12 (17.0.1+12) (build 17.0.1+12)
# Java VM: OpenJDK 64-Bit Server VM Temurin-17.0.1+12 (17.0.1+12, mixed mode, tiered, compressed oops, compressed class ptrs, g1 gc, windows-amd64)
GC Precious Log:
 CPUs: 4 total, 4 available
 Memory: 8191M
 Large Page Support: Disabled
 NUMA Support: Disabled
 Compressed Oops: Enabled (32-bit)
 Heap Region Size: 1M
 Heap Min Capacity: 8M
 Heap Initial Capacity: 128M
 Heap Max Capacity: 2G
 Pre-touch: Disabled
 Parallel Workers: 4
 Concurrent Workers: 1
 Concurrent Refinement Workers: 4
 Periodic GC: Disabled
Heap:
 garbage-first heap   total 96256K, used 64565K [0x0000000080000000, 0x0000000100000000)
  region size 1024K, 42 young (43008K), 6 survivors (6144K)
 Metaspace       used 74479K, committed 75072K, reserved 1122304K
  class space    used 9671K, committed 9984K, reserved 1048576K
GC Heap History (20 events):
Event: 2.585 GC heap before
{Heap before GC invocations=10 (full 0):
 garbage-first heap   total 71680K, used 53225K [0x0000000080000000, 0x0000000100000000)
  region size 1024K, 42 young (43008K), 1 survivors (1024K)
 Metaspace       used 26425K, committed 26688K, reserved 1073152K
  class space    used 2998K, committed 3136K, reserved 1048576K
}
Event: 2.586 GC heap after
{Heap after GC invocations=11 (full 0):
 garbage-first heap   total 71680K, used 12289K [0x0000000080000000, 0x0000000100000000)
  region size 1024K, 1 young (1024K), 1 survivors (1024K)
 Metaspace       used 26425K, committed 26688K, reserved 1073152K
  class space    used 2998K, committed 3136K, reserved 1048576K
}
Event: 2.883 GC heap before
{Heap before GC invocations=11 (full 0):
 garbage-first heap   total 71680K, used 53249K [0x0000000080000000, 0x0000000100000000)
  region size 1024K, 42 young (43008K), 1 survivors (1024K)
 Metaspace       used 27790K, committed 28096K, reserved 1081344K
  class space    used 3133K, committed 3264K, reserved 1048576K
}
Event: 2.886 GC heap after
{Heap after GC invocations=12 (full 0):
 garbage-first heap   total 71680K, used 13624K [0x0000000080000000, 0x0000000100000000)
  region size 1024K, 2 young (2048K), 2 survivors (2048K)
 Metaspace       used 27790K, committed 28096K, reserved 1081344K
  class space    used 3133K, committed 3264K, reserved 1048576K
}
Event: 3.841 GC heap before
{Heap before GC invocations=12 (full 0):
 garbage-first heap   total 71680K, used 54584K [0x0000000080000000, 0x0000000100000000)
  region size 1024K, 42 young (43008K), 2 survivors (2048K)
 Metaspace       used 32754K, committed 33088K, reserved 1081344K
  class space    used 3780K, committed 3968K, reserved 1048576K
}
Event: 3.846 GC heap after
{Heap after GC invocations=13 (full 0):
 garbage-first heap   total 71680K, used 16561K [0x0000000080000000, 0x0000000100000000)
  region size 1024K, 5 young (5120K), 5 survivors (5120K)
 Metaspace       used 32754K, committed 33088K, reserved 1081344K
  class space    used 3780K, committed 3968K, reserved 1048576K
}
Event: 4.172 GC heap before
{Heap before GC invocations=13 (full 0):
 garbage-first heap   total 71680K, used 30897K [0x0000000080000000, 0x0000000100000000)
  region size 1024K, 20 young (20480K), 5 survivors (5120K)
 Metaspace       used 35588K, committed 35968K, reserved 1081344K
  class space    used 4214K, committed 4416K, reserved 1048576K
}
Event: 4.181 GC heap after
{Heap after GC invocations=14 (full 0):
 garbage-first heap   total 71680K, used 18213K [0x0000000080000000, 0x0000000100000000)
  region size 1024K, 5 young (5120K), 5 survivors (5120K)
 Metaspace       used 35588K, committed 35968K, reserved 1081344K
  class space    used 4214K, committed 4416K, reserved 1048576K
}
Event: 4.384 GC heap before
{Heap before GC invocations=15 (full 0):
 garbage-first heap   total 68608K, used 54053K [0x0000000080000000, 0x0000000100000000)
  region size 1024K, 41 young (41984K), 5 survivors (5120K)
 Metaspace       used 37025K, committed 37376K, reserved 1089536K
  class space    used 4361K, committed 4480K, reserved 1048576K
}
Event: 4.389 GC heap after
{Heap after GC invocations=16 (full 0):
 garbage-first heap   total 68608K, used 19196K [0x0000000080000000, 0x0000000100000000)
  region size 1024K, 3 young (3072K), 3 survivors (3072K)
 Metaspace       used 37025K, committed 37376K, reserved 1089536K
  class space    used 4361K, committed 4480K, reserved 1048576K
}
Event: 4.396 GC heap before
{Heap before GC invocations=16 (full 0):
 garbage-first heap   total 68608K, used 52988K [0x0000000080000000, 0x0000000100000000)
  region size 1024K, 37 young (37888K), 3 survivors (3072K)
 Metaspace       used 37025K, committed 37376K, reserved 1089536K
  class space    used 4361K, committed 4480K, reserved 1048576K
}
Event: 4.399 GC heap after
{Heap after GC invocations=17 (full 0):
 garbage-first heap   total 100352K, used 18687K [0x0000000080000000, 0x0000000100000000)
  region size 1024K, 3 young (3072K), 3 survivors (3072K)
 Metaspace       used 37025K, committed 37376K, reserved 1089536K
  class space    used 4361K, committed 4480K, reserved 1048576K
}
Event: 4.432 GC heap before
{Heap before GC invocations=17 (full 0):
 garbage-first heap   total 100352K, used 73983K [0x0000000080000000, 0x0000000100000000)
  region size 1024K, 58 young (59392K), 3 survivors (3072K)
 Metaspace       used 37025K, committed 37376K, reserved 1089536K
  class space    used 4361K, committed 4480K, reserved 1048576K
}
Event: 4.434 GC heap after
{Heap after GC invocations=18 (full 0):
 garbage-first heap   total 100352K, used 19004K [0x0000000080000000, 0x0000000100000000)
  region size 1024K, 3 young (3072K), 3 survivors (3072K)
 Metaspace       used 37025K, committed 37376K, reserved 1089536K
  class space    used 4361K, committed 4480K, reserved 1048576K
}
Event: 5.394 GC heap before
{Heap before GC invocations=18 (full 0):
 garbage-first heap   total 100352K, used 74300K [0x0000000080000000, 0x0000000100000000)
  region size 1024K, 58 young (59392K), 3 survivors (3072K)
 Metaspace       used 46509K, committed 46912K, reserved 1097728K
  class space    used 5752K, committed 5952K, reserved 1048576K
}
Event: 5.399 GC heap after
{Heap after GC invocations=19 (full 0):
 garbage-first heap   total 100352K, used 20811K [0x0000000080000000, 0x0000000100000000)
  region size 1024K, 5 young (5120K), 5 survivors (5120K)
 Metaspace       used 46509K, committed 46912K, reserved 1097728K
  class space    used 5752K, committed 5952K, reserved 1048576K
}
Event: 6.277 GC heap before
{Heap before GC invocations=19 (full 0):
 garbage-first heap   total 100352K, used 67915K [0x0000000080000000, 0x0000000100000000)
  region size 1024K, 51 young (52224K), 5 survivors (5120K)
 Metaspace       used 59918K, committed 60288K, reserved 1105920K
  class space    used 7538K, committed 7744K, reserved 1048576K
}
Event: 6.284 GC heap after
{Heap after GC invocations=20 (full 0):
 garbage-first heap   total 100352K, used 25427K [0x0000000080000000, 0x0000000100000000)
  region size 1024K, 6 young (6144K), 6 survivors (6144K)
 Metaspace       used 59918K, committed 60288K, reserved 1105920K
  class space    used 7538K, committed 7744K, reserved 1048576K
}
Event: 7.259 GC heap before
{Heap before GC invocations=21 (full 0):
 garbage-first heap   total 96256K, used 76627K [0x0000000080000000, 0x0000000100000000)
  region size 1024K, 56 young (57344K), 6 survivors (6144K)
 Metaspace       used 69212K, committed 69696K, reserved 1114112K
  class space    used 8974K, committed 9216K, reserved 1048576K
}
Event: 7.268 GC heap after
{Heap after GC invocations=22 (full 0):
 garbage-first heap   total 96256K, used 28725K [0x0000000080000000, 0x0000000100000000)
  region size 1024K, 6 young (6144K), 6 survivors (6144K)
 Metaspace       used 69212K, committed 69696K, reserved 1114112K
  class space    used 8974K, committed 9216K, reserved 1048576K
}

