# JRE version: OpenJDK Runtime Environment Temurin-17.0.1+12 (17.0.1+12) (build 17.0.1+12)
# Java VM: OpenJDK 64-Bit Server VM Temurin-17.0.1+12 (17.0.1+12, mixed mode, tiered, compressed oops, compressed class ptrs, g1 gc, windows-amd64)
GC Precious Log:
 CPUs: 4 total, 4 available
 Memory: 8191M
 Large Page Support: Disabled
 NUMA Support: Disabled
 Compressed Oops: Enabled (32-bit)
 Heap Region Size: 1M
 Heap Min Capacity: 8M
 Heap Initial Capacity: 128M
 Heap Max Capacity: 2G
 Pre-touch: Disabled
 Parallel Workers: 4
 Concurrent Workers: 1
 Concurrent Refinement Workers: 4
 Periodic GC: Disabled
Heap:
 garbage-first heap   total 131072K, used 17928K [0x0000000080000000, 0x0000000100000000)
  region size 1024K, 1 young (1024K), 1 survivors (1024K)
 Metaspace       used 37081K, committed 37440K, reserved 1089536K
  class space    used 4371K, committed 4544K, reserved 1048576K
GC Heap History (20 events):
Event: 2.276 GC heap after
{Heap after GC invocations=8 (full 0):
 garbage-first heap   total 51200K, used 12194K [0x0000000080000000, 0x0000000100000000)
  region size 1024K, 1 young (1024K), 1 survivors (1024K)
 Metaspace       used 26205K, committed 26432K, reserved 1073152K
  class space    used 2969K, committed 3072K, reserved 1048576K
}
Event: 2.316 GC heap before
{Heap before GC invocations=8 (full 0):
 garbage-first heap   total 51200K, used 36770K [0x0000000080000000, 0x0000000100000000)
  region size 1024K, 26 young (26624K), 1 survivors (1024K)
 Metaspace       used 26432K, committed 26688K, reserved 1073152K
  class space    used 3000K, committed 3136K, reserved 1048576K
}
Event: 2.317 GC heap after
{Heap after GC invocations=9 (full 0):
 garbage-first heap   total 51200K, used 12121K [0x0000000080000000, 0x0000000100000000)
  region size 1024K, 1 young (1024K), 1 survivors (1024K)
 Metaspace       used 26432K, committed 26688K, reserved 1073152K
  class space    used 3000K, committed 3136K, reserved 1048576K
}
Event: 2.323 GC heap before
{Heap before GC invocations=9 (full 0):
 garbage-first heap   total 51200K, used 37721K [0x0000000080000000, 0x0000000100000000)
  region size 1024K, 27 young (27648K), 1 survivors (1024K)
 Metaspace       used 26432K, committed 26688K, reserved 1073152K
  class space    used 3000K, committed 3136K, reserved 1048576K
}
Event: 2.323 GC heap after
{Heap after GC invocations=10 (full 0):
 garbage-first heap   total 51200K, used 12081K [0x0000000080000000, 0x0000000100000000)
  region size 1024K, 1 young (1024K), 1 survivors (1024K)
 Metaspace       used 26432K, committed 26688K, reserved 1073152K
  class space    used 3000K, committed 3136K, reserved 1048576K
}
Event: 2.329 GC heap before
{Heap before GC invocations=10 (full 0):
 garbage-first heap   total 51200K, used 38705K [0x0000000080000000, 0x0000000100000000)
  region size 1024K, 28 young (28672K), 1 survivors (1024K)
 Metaspace       used 26432K, committed 26688K, reserved 1073152K
  class space    used 3000K, committed 3136K, reserved 1048576K
}
Event: 2.330 GC heap after
{Heap after GC invocations=11 (full 0):
 garbage-first heap   total 51200K, used 12105K [0x0000000080000000, 0x0000000100000000)
  region size 1024K, 1 young (1024K), 1 survivors (1024K)
 Metaspace       used 26432K, committed 26688K, reserved 1073152K
  class space    used 3000K, committed 3136K, reserved 1048576K
}
Event: 2.337 GC heap before
{Heap before GC invocations=11 (full 0):
 garbage-first heap   total 51200K, used 39753K [0x0000000080000000, 0x0000000100000000)
  region size 1024K, 29 young (29696K), 1 survivors (1024K)
 Metaspace       used 26432K, committed 26688K, reserved 1073152K
  class space    used 3000K, committed 3136K, reserved 1048576K
}
Event: 2.338 GC heap after
{Heap after GC invocations=12 (full 0):
 garbage-first heap   total 102400K, used 12116K [0x0000000080000000, 0x0000000100000000)
  region size 1024K, 1 young (1024K), 1 survivors (1024K)
 Metaspace       used 26432K, committed 26688K, reserved 1073152K
  class space    used 3000K, committed 3136K, reserved 1048576K
}
Event: 3.215 GC heap before
{Heap before GC invocations=12 (full 0):
 garbage-first heap   total 102400K, used 71508K [0x0000000080000000, 0x0000000100000000)
  region size 1024K, 60 young (61440K), 1 survivors (1024K)
 Metaspace       used 30801K, committed 31040K, reserved 1081344K
  class space    used 3494K, committed 3584K, reserved 1048576K
}
Event: 3.219 GC heap after
{Heap after GC invocations=13 (full 0):
 garbage-first heap   total 102400K, used 15091K [0x0000000080000000, 0x0000000100000000)
  region size 1024K, 4 young (4096K), 4 survivors (4096K)
 Metaspace       used 30801K, committed 31040K, reserved 1081344K
  class space    used 3494K, committed 3584K, reserved 1048576K
}
Event: 3.938 GC heap before
{Heap before GC invocations=13 (full 0):
 garbage-first heap   total 102400K, used 46835K [0x0000000080000000, 0x0000000100000000)
  region size 1024K, 36 young (36864K), 4 survivors (4096K)
 Metaspace       used 35618K, committed 35968K, reserved 1081344K
  class space    used 4220K, committed 4416K, reserved 1048576K
}
Event: 3.943 GC heap after
{Heap after GC invocations=14 (full 0):
 garbage-first heap   total 102400K, used 18242K [0x0000000080000000, 0x0000000100000000)
  region size 1024K, 7 young (7168K), 7 survivors (7168K)
 Metaspace       used 35618K, committed 35968K, reserved 1081344K
  class space    used 4220K, committed 4416K, reserved 1048576K
}
Event: 4.185 GC heap before
{Heap before GC invocations=15 (full 0):
 garbage-first heap   total 68608K, used 58178K [0x0000000080000000, 0x0000000100000000)
  region size 1024K, 48 young (49152K), 7 survivors (7168K)
 Metaspace       used 37081K, committed 37440K, reserved 1089536K
  class space    used 4371K, committed 4544K, reserved 1048576K
}
Event: 4.191 GC heap after
{Heap after GC invocations=16 (full 0):
 garbage-first heap   total 68608K, used 18284K [0x0000000080000000, 0x0000000100000000)
  region size 1024K, 4 young (4096K), 4 survivors (4096K)
 Metaspace       used 37081K, committed 37440K, reserved 1089536K
  class space    used 4371K, committed 4544K, reserved 1048576K
}
Event: 4.192 GC heap before
{Heap before GC invocations=16 (full 0):
 garbage-first heap   total 68608K, used 20332K [0x0000000080000000, 0x0000000100000000)
  region size 1024K, 7 young (7168K), 4 survivors (4096K)
 Metaspace       used 37081K, committed 37440K, reserved 1089536K
  class space    used 4371K, committed 4544K, reserved 1048576K
}
Event: 4.196 GC heap after
{Heap after GC invocations=17 (full 0):
 garbage-first heap   total 68608K, used 17880K [0x0000000080000000, 0x0000000100000000)
  region size 1024K, 1 young (1024K), 1 survivors (1024K)
 Metaspace       used 37081K, committed 37440K, reserved 1089536K
  class space    used 4371K, committed 4544K, reserved 1048576K
}
Event: 4.203 GC heap before
{Heap before GC invocations=17 (full 0):
 garbage-first heap   total 68608K, used 52696K [0x0000000080000000, 0x0000000100000000)
  region size 1024K, 36 young (36864K), 1 survivors (1024K)
 Metaspace       used 37081K, committed 37440K, reserved 1089536K
  class space    used 4371K, committed 4544K, reserved 1048576K
}
Event: 4.203 GC heap after
{Heap after GC invocations=18 (full 0):
 garbage-first heap   total 68608K, used 17907K [0x0000000080000000, 0x0000000100000000)
  region size 1024K, 1 young (1024K), 1 survivors (1024K)
 Metaspace       used 37081K, committed 37440K, reserved 1089536K
  class space    used 4371K, committed 4544K, reserved 1048576K
}
Event: 4.211 GC heap before
{Heap before GC invocations=18 (full 0):
 garbage-first heap   total 68608K, used 53747K [0x0000000080000000, 0x0000000100000000)
  region size 1024K, 37 young (37888K), 1 survivors (1024K)
 Metaspace       used 37081K, committed 37440K, reserved 1089536K
  class space    used 4371K, committed 4544K, reserved 1048576K
}

